<?xml version="1.0" encoding="UTF-8"?>
<testsuite name="ConnectionFactoryTest" tests="1" skipped="0" failures="0" errors="0" timestamp="2022-03-26T15:56:15" hostname="Thomass-MBP.attlocal.net" time="0.947">
  <properties/>
  <testcase name="CheckingThatWhenWeCallTheConnectionNoExceptionIsThrown()" classname="ConnectionFactoryTest" time="0.947"/>
  <system-out><![CDATA[]]></system-out>
  <system-err><![CDATA[]]></system-err>
</testsuite>
